Build started 7/5/2017 5:01:05 PM.
Project "C:\Users\Joy\Downloads\Lab10\Lab10\Lab10\Lab10.vcxproj" on node 2 (Build target(s)).
ClCompile:
  C:\Program Files (x86)\Microsoft Visual Studio 12.0\VC\bin\CL.exe /c /ZI /nologo /W3 /WX- /Od /Oy- /D WIN32 /D _DEBUG /D _CONSOLE /D _UNICODE /D UNICODE /Gm /EHsc /RTC1 /MDd /GS /fp:precise /Zc:wchar_t /Zc:forScope /Fo"Debug\\" /Fd"Debug\vc120.pdb" /Gd /TP /analyze- /errorReport:prompt BSTree.cpp HashTable.cpp show10.cpp show9.cpp test10.cpp
  test10.cpp
  show9.cpp
  show10.cpp
  HashTable.cpp
  BSTree.cpp
  Generating Code...
Link:
  C:\Program Files (x86)\Microsoft Visual Studio 12.0\VC\bin\link.exe /ERRORREPORT:PROMPT /OUT:"C:\Users\Joy\Downloads\Lab10\Lab10\Debug\Lab10.exe" /INCREMENTAL /NOLOGO kernel32.lib user32.lib gdi32.lib winspool.lib comdlg32.lib advapi32.lib shell32.lib ole32.lib oleaut32.lib uuid.lib odbc32.lib odbccp32.lib /MANIFEST /MANIFESTUAC:"level='asInvoker' uiAccess='false'" /manifest:embed /DEBUG /PDB:"C:\Users\Joy\Downloads\Lab10\Lab10\Debug\Lab10.pdb" /SUBSYSTEM:CONSOLE /TLBID:1 /DYNAMICBASE /NXCOMPAT /IMPLIB:"C:\Users\Joy\Downloads\Lab10\Lab10\Debug\Lab10.lib" /MACHINE:X86 /SAFESEH Debug\BSTree.obj
  Debug\HashTable.obj
  Debug\show10.obj
  Debug\show9.obj
  Debug\test10.obj
BSTree.obj : warning LNK4075: ignoring '/EDITANDCONTINUE' due to '/SAFESEH' specification
  Lab10.vcxproj -> C:\Users\Joy\Downloads\Lab10\Lab10\Debug\Lab10.exe
Done Building Project "C:\Users\Joy\Downloads\Lab10\Lab10\Lab10\Lab10.vcxproj" (Build target(s)).

Build succeeded.

Time Elapsed 00:00:05.20
